2019-04-23 18:51:28,973 [main] INFO naveenLabMMTAssignment.com.naveenLabMMTAssignment.testbase.TestBase - url has lauching..
2019-04-23 18:51:29,267 [main] INFO naveenLabMMTAssignment.com.naveenLabMMTAssignment.testbase.TestBase - Now Browser is maximize...
2019-04-23 18:51:29,287 [main] INFO naveenLabMMTAssignment.com.naveenLabMMTAssignment.testbase.TestBase - Page loading.....
2019-04-23 19:02:52,781 [main] INFO naveenLabMMTAssignment.com.naveenLabMMTAssignment.testbase.TestBase - url has lauching..
2019-04-23 19:02:53,928 [main] INFO naveenLabMMTAssignment.com.naveenLabMMTAssignment.testbase.TestBase - Now Browser is maximize...
2019-04-23 19:02:53,933 [main] INFO naveenLabMMTAssignment.com.naveenLabMMTAssignment.testbase.TestBase - Page loading.....
2019-04-23 19:04:24,070 [main] INFO naveenLabMMTAssignment.com.naveenLabMMTAssignment.testbase.TestBase - url has lauching..
2019-04-23 19:04:25,221 [main] INFO naveenLabMMTAssignment.com.naveenLabMMTAssignment.testbase.TestBase - Now Browser is maximize...
2019-04-23 19:04:25,227 [main] INFO naveenLabMMTAssignment.com.naveenLabMMTAssignment.testbase.TestBase - Page loading.....
2019-04-23 22:27:05,640 [main] INFO naveenLabMMTAssignment.com.naveenLabMMTAssignment.testbase.TestBase - url has lauching..
2019-04-23 22:27:06,872 [main] INFO naveenLabMMTAssignment.com.naveenLabMMTAssignment.testbase.TestBase - Now Browser is maximize...
2019-04-23 22:27:06,878 [main] INFO naveenLabMMTAssignment.com.naveenLabMMTAssignment.testbase.TestBase - Page loading.....
2019-04-23 22:28:55,641 [main] INFO naveenLabMMTAssignment.com.naveenLabMMTAssignment.testbase.TestBase - url has lauching..
2019-04-23 22:28:55,952 [main] INFO naveenLabMMTAssignment.com.naveenLabMMTAssignment.testbase.TestBase - Now Browser is maximize...
2019-04-23 22:28:55,967 [main] INFO naveenLabMMTAssignment.com.naveenLabMMTAssignment.testbase.TestBase - Page loading.....
2019-04-23 22:31:48,066 [main] INFO naveenLabMMTAssignment.com.naveenLabMMTAssignment.testbase.TestBase - url has lauching..
2019-04-23 22:31:48,430 [main] INFO naveenLabMMTAssignment.com.naveenLabMMTAssignment.testbase.TestBase - Now Browser is maximize...
2019-04-23 22:31:48,444 [main] INFO naveenLabMMTAssignment.com.naveenLabMMTAssignment.testbase.TestBase - Page loading.....
2019-04-23 22:41:25,986 [main] INFO naveenLabMMTAssignment.com.naveenLabMMTAssignment.testbase.TestBase - url has lauching..
2019-04-23 22:41:26,305 [main] INFO naveenLabMMTAssignment.com.naveenLabMMTAssignment.testbase.TestBase - Now Browser is maximize...
2019-04-23 22:41:26,316 [main] INFO naveenLabMMTAssignment.com.naveenLabMMTAssignment.testbase.TestBase - Page loading.....
2019-04-23 22:43:30,182 [main] INFO naveenLabMMTAssignment.com.naveenLabMMTAssignment.testbase.TestBase - url has lauching..
2019-04-23 22:43:30,487 [main] INFO naveenLabMMTAssignment.com.naveenLabMMTAssignment.testbase.TestBase - Now Browser is maximize...
2019-04-23 22:43:30,510 [main] INFO naveenLabMMTAssignment.com.naveenLabMMTAssignment.testbase.TestBase - Page loading.....
2019-04-23 22:44:31,946 [main] INFO naveenLabMMTAssignment.com.naveenLabMMTAssignment.testbase.TestBase - url has lauching..
2019-04-23 22:44:32,230 [main] INFO naveenLabMMTAssignment.com.naveenLabMMTAssignment.testbase.TestBase - Now Browser is maximize...
2019-04-23 22:44:32,241 [main] INFO naveenLabMMTAssignment.com.naveenLabMMTAssignment.testbase.TestBase - Page loading.....
2019-04-23 22:45:55,208 [main] INFO naveenLabMMTAssignment.com.naveenLabMMTAssignment.testbase.TestBase - url has lauching..
2019-04-23 22:45:55,541 [main] INFO naveenLabMMTAssignment.com.naveenLabMMTAssignment.testbase.TestBase - Now Browser is maximize...
2019-04-23 22:45:55,553 [main] INFO naveenLabMMTAssignment.com.naveenLabMMTAssignment.testbase.TestBase - Page loading.....
2019-04-23 22:49:18,883 [main] INFO naveenLabMMTAssignment.com.naveenLabMMTAssignment.testbase.TestBase - url has lauching..
2019-04-23 22:49:19,160 [main] INFO naveenLabMMTAssignment.com.naveenLabMMTAssignment.testbase.TestBase - Now Browser is maximize...
2019-04-23 22:49:19,172 [main] INFO naveenLabMMTAssignment.com.naveenLabMMTAssignment.testbase.TestBase - Page loading.....
2019-04-23 22:51:11,889 [main] INFO naveenLabMMTAssignment.com.naveenLabMMTAssignment.testbase.TestBase - url has lauching..
2019-04-23 22:51:12,250 [main] INFO naveenLabMMTAssignment.com.naveenLabMMTAssignment.testbase.TestBase - Now Browser is maximize...
2019-04-23 22:51:12,266 [main] INFO naveenLabMMTAssignment.com.naveenLabMMTAssignment.testbase.TestBase - Page loading.....
2019-04-23 22:52:41,051 [main] INFO naveenLabMMTAssignment.com.naveenLabMMTAssignment.testbase.TestBase - url has lauching..
2019-04-23 22:52:41,371 [main] INFO naveenLabMMTAssignment.com.naveenLabMMTAssignment.testbase.TestBase - Now Browser is maximize...
2019-04-23 22:52:41,380 [main] INFO naveenLabMMTAssignment.com.naveenLabMMTAssignment.testbase.TestBase - Page loading.....
2019-04-23 22:53:48,351 [main] INFO naveenLabMMTAssignment.com.naveenLabMMTAssignment.testbase.TestBase - url has lauching..
2019-04-23 22:53:48,725 [main] INFO naveenLabMMTAssignment.com.naveenLabMMTAssignment.testbase.TestBase - Now Browser is maximize...
2019-04-23 22:53:48,760 [main] INFO naveenLabMMTAssignment.com.naveenLabMMTAssignment.testbase.TestBase - Page loading.....
2019-04-23 22:56:05,627 [main] INFO naveenLabMMTAssignment.com.naveenLabMMTAssignment.testbase.TestBase - url has lauching..
2019-04-23 22:56:05,968 [main] INFO naveenLabMMTAssignment.com.naveenLabMMTAssignment.testbase.TestBase - Now Browser is maximize...
2019-04-23 22:56:05,989 [main] INFO naveenLabMMTAssignment.com.naveenLabMMTAssignment.testbase.TestBase - Page loading.....
2019-04-23 22:56:58,158 [main] INFO naveenLabMMTAssignment.com.naveenLabMMTAssignment.testbase.TestBase - url has lauching..
2019-04-23 22:56:58,487 [main] INFO naveenLabMMTAssignment.com.naveenLabMMTAssignment.testbase.TestBase - Now Browser is maximize...
2019-04-23 22:56:58,504 [main] INFO naveenLabMMTAssignment.com.naveenLabMMTAssignment.testbase.TestBase - Page loading.....
2019-04-23 23:22:53,686 [main] INFO naveenLabMMTAssignment.com.naveenLabMMTAssignment.testbase.TestBase - url has lauching..
2019-04-23 23:22:53,975 [main] INFO naveenLabMMTAssignment.com.naveenLabMMTAssignment.testbase.TestBase - Now Browser is maximize...
2019-04-23 23:22:53,984 [main] INFO naveenLabMMTAssignment.com.naveenLabMMTAssignment.testbase.TestBase - Page loading.....
2019-04-23 23:24:44,916 [main] INFO naveenLabMMTAssignment.com.naveenLabMMTAssignment.testbase.TestBase - url has lauching..
2019-04-23 23:24:45,271 [main] INFO naveenLabMMTAssignment.com.naveenLabMMTAssignment.testbase.TestBase - Now Browser is maximize...
2019-04-23 23:24:45,281 [main] INFO naveenLabMMTAssignment.com.naveenLabMMTAssignment.testbase.TestBase - Page loading.....
2019-04-23 23:26:17,934 [main] INFO naveenLabMMTAssignment.com.naveenLabMMTAssignment.testbase.TestBase - url has lauching..
2019-04-23 23:26:18,266 [main] INFO naveenLabMMTAssignment.com.naveenLabMMTAssignment.testbase.TestBase - Now Browser is maximize...
2019-04-23 23:26:18,280 [main] INFO naveenLabMMTAssignment.com.naveenLabMMTAssignment.testbase.TestBase - Page loading.....
2019-04-23 23:37:56,667 [main] INFO naveenLabMMTAssignment.com.naveenLabMMTAssignment.testbase.TestBase - url has lauching..
2019-04-23 23:37:56,964 [main] INFO naveenLabMMTAssignment.com.naveenLabMMTAssignment.testbase.TestBase - Now Browser is maximize...
2019-04-23 23:37:56,988 [main] INFO naveenLabMMTAssignment.com.naveenLabMMTAssignment.testbase.TestBase - Page loading.....
2019-04-23 23:40:51,992 [main] INFO naveenLabMMTAssignment.com.naveenLabMMTAssignment.testbase.TestBase - url has lauching..
2019-04-23 23:40:52,366 [main] INFO naveenLabMMTAssignment.com.naveenLabMMTAssignment.testbase.TestBase - Now Browser is maximize...
2019-04-23 23:40:52,381 [main] INFO naveenLabMMTAssignment.com.naveenLabMMTAssignment.testbase.TestBase - Page loading.....
2019-04-23 23:44:06,784 [main] INFO naveenLabMMTAssignment.com.naveenLabMMTAssignment.testbase.TestBase - url has lauching..
2019-04-23 23:44:07,068 [main] INFO naveenLabMMTAssignment.com.naveenLabMMTAssignment.testbase.TestBase - Now Browser is maximize...
2019-04-23 23:44:07,076 [main] INFO naveenLabMMTAssignment.com.naveenLabMMTAssignment.testbase.TestBase - Page loading.....
2019-04-23 23:56:09,700 [main] INFO naveenLabMMTAssignment.com.naveenLabMMTAssignment.testbase.TestBase - url has lauching..
2019-04-23 23:56:09,999 [main] INFO naveenLabMMTAssignment.com.naveenLabMMTAssignment.testbase.TestBase - Now Browser is maximize...
2019-04-23 23:56:10,006 [main] INFO naveenLabMMTAssignment.com.naveenLabMMTAssignment.testbase.TestBase - Page loading.....
2019-04-23 23:59:30,637 [main] INFO naveenLabMMTAssignment.com.naveenLabMMTAssignment.testbase.TestBase - url has lauching..
2019-04-23 23:59:30,964 [main] INFO naveenLabMMTAssignment.com.naveenLabMMTAssignment.testbase.TestBase - Now Browser is maximize...
2019-04-23 23:59:30,979 [main] INFO naveenLabMMTAssignment.com.naveenLabMMTAssignment.testbase.TestBase - Page loading.....
2019-04-24 00:00:42,387 [main] INFO naveenLabMMTAssignment.com.naveenLabMMTAssignment.testbase.TestBase - url has lauching..
2019-04-24 00:00:42,717 [main] INFO naveenLabMMTAssignment.com.naveenLabMMTAssignment.testbase.TestBase - Now Browser is maximize...
2019-04-24 00:00:42,727 [main] INFO naveenLabMMTAssignment.com.naveenLabMMTAssignment.testbase.TestBase - Page loading.....
2019-04-24 00:02:50,235 [main] INFO naveenLabMMTAssignment.com.naveenLabMMTAssignment.testbase.TestBase - url has lauching..
2019-04-24 00:02:50,553 [main] INFO naveenLabMMTAssignment.com.naveenLabMMTAssignment.testbase.TestBase - Now Browser is maximize...
2019-04-24 00:02:50,560 [main] INFO naveenLabMMTAssignment.com.naveenLabMMTAssignment.testbase.TestBase - Page loading.....
2019-04-24 00:05:05,496 [main] INFO naveenLabMMTAssignment.com.naveenLabMMTAssignment.testbase.TestBase - url has lauching..
2019-04-24 00:05:05,842 [main] INFO naveenLabMMTAssignment.com.naveenLabMMTAssignment.testbase.TestBase - Now Browser is maximize...
2019-04-24 00:05:05,867 [main] INFO naveenLabMMTAssignment.com.naveenLabMMTAssignment.testbase.TestBase - Page loading.....
2019-04-24 00:06:34,922 [main] INFO naveenLabMMTAssignment.com.naveenLabMMTAssignment.testbase.TestBase - url has lauching..
2019-04-24 00:06:35,268 [main] INFO naveenLabMMTAssignment.com.naveenLabMMTAssignment.testbase.TestBase - Now Browser is maximize...
2019-04-24 00:06:35,284 [main] INFO naveenLabMMTAssignment.com.naveenLabMMTAssignment.testbase.TestBase - Page loading.....
2019-04-24 00:10:11,694 [main] INFO naveenLabMMTAssignment.com.naveenLabMMTAssignment.testbase.TestBase - url has lauching..
2019-04-24 00:10:11,983 [main] INFO naveenLabMMTAssignment.com.naveenLabMMTAssignment.testbase.TestBase - Now Browser is maximize...
2019-04-24 00:10:11,993 [main] INFO naveenLabMMTAssignment.com.naveenLabMMTAssignment.testbase.TestBase - Page loading.....
2019-04-24 00:11:58,508 [main] INFO naveenLabMMTAssignment.com.naveenLabMMTAssignment.testbase.TestBase - url has lauching..
2019-04-24 00:11:58,849 [main] INFO naveenLabMMTAssignment.com.naveenLabMMTAssignment.testbase.TestBase - Now Browser is maximize...
2019-04-24 00:11:58,874 [main] INFO naveenLabMMTAssignment.com.naveenLabMMTAssignment.testbase.TestBase - Page loading.....
2019-04-24 00:13:33,165 [main] INFO naveenLabMMTAssignment.com.naveenLabMMTAssignment.testbase.TestBase - url has lauching..
2019-04-24 00:13:33,513 [main] INFO naveenLabMMTAssignment.com.naveenLabMMTAssignment.testbase.TestBase - Now Browser is maximize...
2019-04-24 00:13:33,530 [main] INFO naveenLabMMTAssignment.com.naveenLabMMTAssignment.testbase.TestBase - Page loading.....
2019-04-24 00:16:07,034 [main] INFO naveenLabMMTAssignment.com.naveenLabMMTAssignment.testbase.TestBase - url has lauching..
2019-04-24 00:16:07,344 [main] INFO naveenLabMMTAssignment.com.naveenLabMMTAssignment.testbase.TestBase - Now Browser is maximize...
2019-04-24 00:16:07,361 [main] INFO naveenLabMMTAssignment.com.naveenLabMMTAssignment.testbase.TestBase - Page loading.....
2019-04-24 00:41:35,510 [main] INFO naveenLabMMTAssignment.com.naveenLabMMTAssignment.testbase.TestBase - url has lauching..
2019-04-24 00:41:35,826 [main] INFO naveenLabMMTAssignment.com.naveenLabMMTAssignment.testbase.TestBase - Now Browser is maximize...
2019-04-24 00:41:35,861 [main] INFO naveenLabMMTAssignment.com.naveenLabMMTAssignment.testbase.TestBase - Page loading.....
2019-04-24 21:55:30,037 [main] INFO naveenLabMMTAssignment.com.naveenLabMMTAssignment.testbase.TestBase - url has lauching..
2019-04-24 22:09:51,845 [main] INFO naveenLabMMTAssignment.com.naveenLabMMTAssignment.testbase.TestBase - url has lauching..
2019-04-24 22:09:52,129 [main] INFO naveenLabMMTAssignment.com.naveenLabMMTAssignment.testbase.TestBase - Now Browser is maximize...
2019-04-24 22:09:52,148 [main] INFO naveenLabMMTAssignment.com.naveenLabMMTAssignment.testbase.TestBase - Page loading.....
2019-04-24 22:54:27,507 [main] INFO naveenLabMMTAssignment.com.naveenLabMMTAssignment.testbase.TestBase - url has lauching..
2019-04-24 22:54:27,864 [main] INFO naveenLabMMTAssignment.com.naveenLabMMTAssignment.testbase.TestBase - Now Browser is maximize...
2019-04-24 22:54:27,882 [main] INFO naveenLabMMTAssignment.com.naveenLabMMTAssignment.testbase.TestBase - Page loading.....
2019-04-24 22:57:40,617 [main] INFO naveenLabMMTAssignment.com.naveenLabMMTAssignment.testbase.TestBase - url has lauching..
2019-04-24 22:57:40,914 [main] INFO naveenLabMMTAssignment.com.naveenLabMMTAssignment.testbase.TestBase - Now Browser is maximize...
2019-04-24 22:57:40,923 [main] INFO naveenLabMMTAssignment.com.naveenLabMMTAssignment.testbase.TestBase - Page loading.....
2019-04-24 23:02:14,319 [main] INFO naveenLabMMTAssignment.com.naveenLabMMTAssignment.testbase.TestBase - url has lauching..
2019-04-24 23:02:14,646 [main] INFO naveenLabMMTAssignment.com.naveenLabMMTAssignment.testbase.TestBase - Now Browser is maximize...
2019-04-24 23:02:14,660 [main] INFO naveenLabMMTAssignment.com.naveenLabMMTAssignment.testbase.TestBase - Page loading.....
2019-04-24 23:04:55,275 [main] INFO naveenLabMMTAssignment.com.naveenLabMMTAssignment.testbase.TestBase - url has lauching..
2019-04-24 23:04:55,609 [main] INFO naveenLabMMTAssignment.com.naveenLabMMTAssignment.testbase.TestBase - Now Browser is maximize...
2019-04-24 23:04:55,619 [main] INFO naveenLabMMTAssignment.com.naveenLabMMTAssignment.testbase.TestBase - Page loading.....
2019-04-24 23:07:39,134 [main] INFO naveenLabMMTAssignment.com.naveenLabMMTAssignment.testbase.TestBase - url has lauching..
2019-04-24 23:07:39,415 [main] INFO naveenLabMMTAssignment.com.naveenLabMMTAssignment.testbase.TestBase - Now Browser is maximize...
2019-04-24 23:07:39,426 [main] INFO naveenLabMMTAssignment.com.naveenLabMMTAssignment.testbase.TestBase - Page loading.....
2019-04-24 23:10:12,029 [main] INFO naveenLabMMTAssignment.com.naveenLabMMTAssignment.testbase.TestBase - url has lauching..
2019-04-24 23:10:12,315 [main] INFO naveenLabMMTAssignment.com.naveenLabMMTAssignment.testbase.TestBase - Now Browser is maximize...
2019-04-24 23:10:12,332 [main] INFO naveenLabMMTAssignment.com.naveenLabMMTAssignment.testbase.TestBase - Page loading.....
2019-04-24 23:15:08,438 [main] INFO naveenLabMMTAssignment.com.naveenLabMMTAssignment.testbase.TestBase - url has lauching..
2019-04-24 23:15:08,729 [main] INFO naveenLabMMTAssignment.com.naveenLabMMTAssignment.testbase.TestBase - Now Browser is maximize...
2019-04-24 23:15:08,775 [main] INFO naveenLabMMTAssignment.com.naveenLabMMTAssignment.testbase.TestBase - Page loading.....
2019-04-24 23:25:02,257 [main] INFO naveenLabMMTAssignment.com.naveenLabMMTAssignment.testbase.TestBase - url has lauching..
2019-04-24 23:25:02,541 [main] INFO naveenLabMMTAssignment.com.naveenLabMMTAssignment.testbase.TestBase - Now Browser is maximize...
2019-04-24 23:25:02,567 [main] INFO naveenLabMMTAssignment.com.naveenLabMMTAssignment.testbase.TestBase - Page loading.....
2019-04-24 23:28:04,654 [main] INFO naveenLabMMTAssignment.com.naveenLabMMTAssignment.testbase.TestBase - url has lauching..
2019-04-24 23:28:04,955 [main] INFO naveenLabMMTAssignment.com.naveenLabMMTAssignment.testbase.TestBase - Now Browser is maximize...
2019-04-24 23:28:04,983 [main] INFO naveenLabMMTAssignment.com.naveenLabMMTAssignment.testbase.TestBase - Page loading.....
2019-04-24 23:30:02,676 [main] INFO naveenLabMMTAssignment.com.naveenLabMMTAssignment.testbase.TestBase - url has lauching..
2019-04-24 23:30:02,956 [main] INFO naveenLabMMTAssignment.com.naveenLabMMTAssignment.testbase.TestBase - Now Browser is maximize...
2019-04-24 23:30:02,965 [main] INFO naveenLabMMTAssignment.com.naveenLabMMTAssignment.testbase.TestBase - Page loading.....
2019-04-24 23:34:54,071 [main] INFO naveenLabMMTAssignment.com.naveenLabMMTAssignment.testbase.TestBase - url has lauching..
2019-04-24 23:34:54,353 [main] INFO naveenLabMMTAssignment.com.naveenLabMMTAssignment.testbase.TestBase - Now Browser is maximize...
2019-04-24 23:34:54,381 [main] INFO naveenLabMMTAssignment.com.naveenLabMMTAssignment.testbase.TestBase - Page loading.....
2019-04-24 23:40:24,461 [main] INFO naveenLabMMTAssignment.com.naveenLabMMTAssignment.testbase.TestBase - url has lauching..
2019-04-24 23:40:24,832 [main] INFO naveenLabMMTAssignment.com.naveenLabMMTAssignment.testbase.TestBase - Now Browser is maximize...
2019-04-24 23:40:24,860 [main] INFO naveenLabMMTAssignment.com.naveenLabMMTAssignment.testbase.TestBase - Page loading.....
2019-04-24 23:44:36,952 [main] INFO naveenLabMMTAssignment.com.naveenLabMMTAssignment.testbase.TestBase - url has lauching..
2019-04-24 23:44:37,251 [main] INFO naveenLabMMTAssignment.com.naveenLabMMTAssignment.testbase.TestBase - Now Browser is maximize...
2019-04-24 23:44:37,272 [main] INFO naveenLabMMTAssignment.com.naveenLabMMTAssignment.testbase.TestBase - Page loading.....
2019-04-24 23:44:40,681 [main] INFO naveenLabMMTAssignment.com.naveenLabMMTAssignment.pageobject.FlightBooked - Round trip option is selected...
2019-04-24 23:56:51,064 [main] INFO naveenLabMMTAssignment.com.naveenLabMMTAssignment.testbase.TestBase - url has lauching..
2019-04-24 23:56:51,354 [main] INFO naveenLabMMTAssignment.com.naveenLabMMTAssignment.testbase.TestBase - Now Browser is maximize...
2019-04-24 23:56:51,406 [main] INFO naveenLabMMTAssignment.com.naveenLabMMTAssignment.testbase.TestBase - Page loading.....
2019-04-24 23:56:54,862 [main] INFO naveenLabMMTAssignment.com.naveenLabMMTAssignment.pageobject.FlightBooked - Round trip option is selected...
2019-04-24 23:58:29,456 [main] INFO naveenLabMMTAssignment.com.naveenLabMMTAssignment.testbase.TestBase - url has lauching..
2019-04-24 23:58:29,754 [main] INFO naveenLabMMTAssignment.com.naveenLabMMTAssignment.testbase.TestBase - Now Browser is maximize...
2019-04-24 23:58:29,799 [main] INFO naveenLabMMTAssignment.com.naveenLabMMTAssignment.testbase.TestBase - Page loading.....
2019-04-24 23:58:33,273 [main] INFO naveenLabMMTAssignment.com.naveenLabMMTAssignment.pageobject.FlightBooked - Round trip option is selected...
2019-04-25 18:30:57,587 [main] INFO naveenLabMMTAssignment.com.naveenLabMMTAssignment.testbase.TestBase - url has lauching..
2019-04-25 18:30:57,885 [main] INFO naveenLabMMTAssignment.com.naveenLabMMTAssignment.testbase.TestBase - Now Browser is maximize...
2019-04-25 18:30:57,903 [main] INFO naveenLabMMTAssignment.com.naveenLabMMTAssignment.testbase.TestBase - Page loading.....
2019-04-25 18:31:01,356 [main] INFO naveenLabMMTAssignment.com.naveenLabMMTAssignment.pageobject.FlightBooked - Round trip option is selected...
2019-04-25 18:36:43,383 [main] INFO naveenLabMMTAssignment.com.naveenLabMMTAssignment.testbase.TestBase - url has lauching..
2019-04-25 18:36:43,670 [main] INFO naveenLabMMTAssignment.com.naveenLabMMTAssignment.testbase.TestBase - Now Browser is maximize...
2019-04-25 18:36:43,679 [main] INFO naveenLabMMTAssignment.com.naveenLabMMTAssignment.testbase.TestBase - Page loading.....
2019-04-25 18:36:47,052 [main] INFO naveenLabMMTAssignment.com.naveenLabMMTAssignment.pageobject.FlightBooked - Round trip option is selected...
2019-04-25 18:40:12,280 [main] INFO naveenLabMMTAssignment.com.naveenLabMMTAssignment.testbase.TestBase - url has lauching..
2019-04-25 18:40:12,581 [main] INFO naveenLabMMTAssignment.com.naveenLabMMTAssignment.testbase.TestBase - Now Browser is maximize...
2019-04-25 18:40:12,599 [main] INFO naveenLabMMTAssignment.com.naveenLabMMTAssignment.testbase.TestBase - Page loading.....
2019-04-25 18:40:16,065 [main] INFO naveenLabMMTAssignment.com.naveenLabMMTAssignment.pageobject.FlightBooked - Round trip option is selected...
2019-04-25 18:47:25,233 [main] INFO naveenLabMMTAssignment.com.naveenLabMMTAssignment.testbase.TestBase - url has lauching..
2019-04-25 18:47:25,543 [main] INFO naveenLabMMTAssignment.com.naveenLabMMTAssignment.testbase.TestBase - Now Browser is maximize...
2019-04-25 18:47:25,560 [main] INFO naveenLabMMTAssignment.com.naveenLabMMTAssignment.testbase.TestBase - Page loading.....
2019-04-25 18:47:28,983 [main] INFO naveenLabMMTAssignment.com.naveenLabMMTAssignment.pageobject.FlightBooked - Round trip option is selected...
2019-04-25 19:49:45,108 [main] INFO naveenLabMMTAssignment.com.naveenLabMMTAssignment.testbase.TestBase - url has lauching..
2019-04-25 19:49:45,397 [main] INFO naveenLabMMTAssignment.com.naveenLabMMTAssignment.testbase.TestBase - Now Browser is maximize...
2019-04-25 19:49:45,411 [main] INFO naveenLabMMTAssignment.com.naveenLabMMTAssignment.testbase.TestBase - Page loading.....
2019-04-25 19:49:48,813 [main] INFO naveenLabMMTAssignment.com.naveenLabMMTAssignment.pageobject.FlightBooked - Round trip option is selected...
2019-04-25 19:51:36,208 [main] INFO naveenLabMMTAssignment.com.naveenLabMMTAssignment.testbase.TestBase - url has lauching..
2019-04-25 19:51:36,519 [main] INFO naveenLabMMTAssignment.com.naveenLabMMTAssignment.testbase.TestBase - Now Browser is maximize...
2019-04-25 19:51:36,539 [main] INFO naveenLabMMTAssignment.com.naveenLabMMTAssignment.testbase.TestBase - Page loading.....
2019-04-25 19:51:39,963 [main] INFO naveenLabMMTAssignment.com.naveenLabMMTAssignment.pageobject.FlightBooked - Round trip option is selected...
2019-04-25 19:54:08,970 [main] INFO naveenLabMMTAssignment.com.naveenLabMMTAssignment.testbase.TestBase - url has lauching..
2019-04-25 19:54:09,262 [main] INFO naveenLabMMTAssignment.com.naveenLabMMTAssignment.testbase.TestBase - Now Browser is maximize...
2019-04-25 19:54:09,273 [main] INFO naveenLabMMTAssignment.com.naveenLabMMTAssignment.testbase.TestBase - Page loading.....
2019-04-25 19:54:12,703 [main] INFO naveenLabMMTAssignment.com.naveenLabMMTAssignment.pageobject.FlightBooked - Round trip option is selected...
2019-04-25 19:58:19,400 [main] INFO naveenLabMMTAssignment.com.naveenLabMMTAssignment.testbase.TestBase - url has lauching..
2019-04-25 19:58:19,681 [main] INFO naveenLabMMTAssignment.com.naveenLabMMTAssignment.testbase.TestBase - Now Browser is maximize...
2019-04-25 19:58:19,700 [main] INFO naveenLabMMTAssignment.com.naveenLabMMTAssignment.testbase.TestBase - Page loading.....
2019-04-25 19:58:23,075 [main] INFO naveenLabMMTAssignment.com.naveenLabMMTAssignment.pageobject.FlightBooked - Round trip option is selected...
2019-04-25 20:01:56,239 [main] INFO naveenLabMMTAssignment.com.naveenLabMMTAssignment.testbase.TestBase - url has lauching..
2019-04-25 20:01:56,520 [main] INFO naveenLabMMTAssignment.com.naveenLabMMTAssignment.testbase.TestBase - Now Browser is maximize...
2019-04-25 20:01:56,531 [main] INFO naveenLabMMTAssignment.com.naveenLabMMTAssignment.testbase.TestBase - Page loading.....
2019-04-25 20:01:59,917 [main] INFO naveenLabMMTAssignment.com.naveenLabMMTAssignment.pageobject.FlightBooked - Round trip option is selected...
2019-04-25 20:07:05,705 [main] INFO naveenLabMMTAssignment.com.naveenLabMMTAssignment.testbase.TestBase - url has lauching..
2019-04-25 20:07:05,997 [main] INFO naveenLabMMTAssignment.com.naveenLabMMTAssignment.testbase.TestBase - Now Browser is maximize...
2019-04-25 20:07:06,009 [main] INFO naveenLabMMTAssignment.com.naveenLabMMTAssignment.testbase.TestBase - Page loading.....
2019-04-25 20:07:09,398 [main] INFO naveenLabMMTAssignment.com.naveenLabMMTAssignment.pageobject.FlightBooked - Round trip option is selected...
2019-04-25 20:12:20,309 [main] INFO naveenLabMMTAssignment.com.naveenLabMMTAssignment.testbase.TestBase - url has lauching..
2019-04-25 20:12:21,508 [main] INFO naveenLabMMTAssignment.com.naveenLabMMTAssignment.testbase.TestBase - Now Browser is maximize...
2019-04-25 20:12:21,517 [main] INFO naveenLabMMTAssignment.com.naveenLabMMTAssignment.testbase.TestBase - Page loading.....
2019-04-25 20:12:24,741 [main] INFO naveenLabMMTAssignment.com.naveenLabMMTAssignment.pageobject.FlightBooked - Round trip option is selected...
2019-04-25 22:45:52,929 [main] INFO naveenLabMMTAssignment.com.naveenLabMMTAssignment.testbase.TestBase - url has lauching..
2019-04-25 22:45:54,121 [main] INFO naveenLabMMTAssignment.com.naveenLabMMTAssignment.testbase.TestBase - Now Browser is maximize...
2019-04-25 22:45:54,129 [main] INFO naveenLabMMTAssignment.com.naveenLabMMTAssignment.testbase.TestBase - Page loading.....
2019-04-25 22:47:03,320 [main] INFO naveenLabMMTAssignment.com.naveenLabMMTAssignment.testbase.TestBase - url has lauching..
2019-04-25 22:47:03,621 [main] INFO naveenLabMMTAssignment.com.naveenLabMMTAssignment.testbase.TestBase - Now Browser is maximize...
2019-04-25 22:47:03,633 [main] INFO naveenLabMMTAssignment.com.naveenLabMMTAssignment.testbase.TestBase - Page loading.....
2019-04-25 22:47:06,986 [main] INFO naveenLabMMTAssignment.com.naveenLabMMTAssignment.pageobject.FlightBooked - Round trip option is selected...
2019-04-25 23:44:10,424 [main] INFO naveenLabMMTAssignment.com.naveenLabMMTAssignment.testbase.TestBase - url has lauching..
2019-04-25 23:44:10,734 [main] INFO naveenLabMMTAssignment.com.naveenLabMMTAssignment.testbase.TestBase - Now Browser is maximize...
2019-04-25 23:44:10,744 [main] INFO naveenLabMMTAssignment.com.naveenLabMMTAssignment.testbase.TestBase - Page loading.....
2019-04-25 23:44:14,128 [main] INFO naveenLabMMTAssignment.com.naveenLabMMTAssignment.pageobject.FlightBooked - Round trip option is selected...
2019-04-26 14:54:18,283 [main] INFO naveenLabMMTAssignment.com.naveenLabMMTAssignment.testbase.TestBase - url has lauching..
2019-04-26 14:54:18,566 [main] INFO naveenLabMMTAssignment.com.naveenLabMMTAssignment.testbase.TestBase - Now Browser is maximize...
2019-04-26 14:54:18,578 [main] INFO naveenLabMMTAssignment.com.naveenLabMMTAssignment.testbase.TestBase - Page loading.....
2019-04-26 14:54:21,904 [main] INFO naveenLabMMTAssignment.com.naveenLabMMTAssignment.pageobject.FlightBooked - Round trip option is selected...
2019-04-26 16:17:06,087 [main] INFO naveenLabMMTAssignment.com.naveenLabMMTAssignment.testbase.TestBase - url has lauching..
2019-04-26 16:17:06,349 [main] INFO naveenLabMMTAssignment.com.naveenLabMMTAssignment.testbase.TestBase - Now Browser is maximize...
2019-04-26 16:17:06,356 [main] INFO naveenLabMMTAssignment.com.naveenLabMMTAssignment.testbase.TestBase - Page loading.....
2019-04-26 16:17:09,686 [main] INFO naveenLabMMTAssignment.com.naveenLabMMTAssignment.pageobject.FlightBooked - Round trip option is selected...
2019-04-29 21:10:13,773 [main] INFO naveenLabMMTAssignment.com.naveenLabMMTAssignment.testbase.TestBase - url has lauching..
2019-04-29 21:10:14,058 [main] INFO naveenLabMMTAssignment.com.naveenLabMMTAssignment.testbase.TestBase - Now Browser is maximize...
2019-04-29 21:10:14,067 [main] INFO naveenLabMMTAssignment.com.naveenLabMMTAssignment.testbase.TestBase - Page loading.....
2019-04-29 21:10:17,461 [main] INFO naveenLabMMTAssignment.com.naveenLabMMTAssignment.pageobject.FlightBooked - Round trip option is selected...
2019-04-29 21:13:02,969 [main] INFO naveenLabMMTAssignment.com.naveenLabMMTAssignment.testbase.TestBase - url has lauching..
2019-04-29 21:13:03,254 [main] INFO naveenLabMMTAssignment.com.naveenLabMMTAssignment.testbase.TestBase - Now Browser is maximize...
2019-04-29 21:13:03,268 [main] INFO naveenLabMMTAssignment.com.naveenLabMMTAssignment.testbase.TestBase - Page loading.....
2019-04-29 21:13:06,768 [main] INFO naveenLabMMTAssignment.com.naveenLabMMTAssignment.pageobject.FlightBooked - Round trip option is selected...
2019-04-29 21:15:15,897 [main] INFO naveenLabMMTAssignment.com.naveenLabMMTAssignment.testbase.TestBase - url has lauching..
2019-04-29 21:15:16,170 [main] INFO naveenLabMMTAssignment.com.naveenLabMMTAssignment.testbase.TestBase - Now Browser is maximize...
2019-04-29 21:15:16,188 [main] INFO naveenLabMMTAssignment.com.naveenLabMMTAssignment.testbase.TestBase - Page loading.....
2019-04-29 21:15:19,582 [main] INFO naveenLabMMTAssignment.com.naveenLabMMTAssignment.pageobject.FlightBooked - Round trip option is selected...
2019-04-29 21:16:27,827 [main] INFO naveenLabMMTAssignment.com.naveenLabMMTAssignment.testbase.TestBase - url has lauching..
2019-04-29 21:16:28,119 [main] INFO naveenLabMMTAssignment.com.naveenLabMMTAssignment.testbase.TestBase - Now Browser is maximize...
2019-04-29 21:16:28,143 [main] INFO naveenLabMMTAssignment.com.naveenLabMMTAssignment.testbase.TestBase - Page loading.....
2019-04-29 21:16:31,555 [main] INFO naveenLabMMTAssignment.com.naveenLabMMTAssignment.pageobject.FlightBooked - Round trip option is selected...
2019-04-29 21:17:55,829 [main] INFO naveenLabMMTAssignment.com.naveenLabMMTAssignment.testbase.TestBase - url has lauching..
2019-04-29 21:17:56,110 [main] INFO naveenLabMMTAssignment.com.naveenLabMMTAssignment.testbase.TestBase - Now Browser is maximize...
2019-04-29 21:17:56,122 [main] INFO naveenLabMMTAssignment.com.naveenLabMMTAssignment.testbase.TestBase - Page loading.....
2019-04-29 21:17:59,620 [main] INFO naveenLabMMTAssignment.com.naveenLabMMTAssignment.pageobject.FlightBooked - Round trip option is selected...
2019-04-30 00:12:06,987 [main] INFO naveenLabMMTAssignment.com.naveenLabMMTAssignment.testbase.TestBase - url has lauching..
2019-04-30 00:12:07,324 [main] INFO naveenLabMMTAssignment.com.naveenLabMMTAssignment.testbase.TestBase - Now Browser is maximize...
2019-04-30 00:12:07,342 [main] INFO naveenLabMMTAssignment.com.naveenLabMMTAssignment.testbase.TestBase - Page loading.....
2019-04-30 00:12:10,809 [main] INFO naveenLabMMTAssignment.com.naveenLabMMTAssignment.pageobject.FlightBooked - Round trip option is selected...
2019-04-30 19:03:42,139 [main] INFO naveenLabMMTAssignment.com.naveenLabMMTAssignment.testbase.TestBase - url has lauching..
2019-04-30 19:03:42,418 [main] INFO naveenLabMMTAssignment.com.naveenLabMMTAssignment.testbase.TestBase - Now Browser is maximize...
2019-04-30 19:03:42,442 [main] INFO naveenLabMMTAssignment.com.naveenLabMMTAssignment.testbase.TestBase - Page loading.....
2019-04-30 19:03:45,766 [main] INFO naveenLabMMTAssignment.com.naveenLabMMTAssignment.pageobject.FlightBooked - Round trip option is selected...
2019-04-30 19:07:43,854 [main] INFO naveenLabMMTAssignment.com.naveenLabMMTAssignment.testbase.TestBase - url has lauching..
2019-04-30 19:07:44,136 [main] INFO naveenLabMMTAssignment.com.naveenLabMMTAssignment.testbase.TestBase - Now Browser is maximize...
2019-04-30 19:07:44,148 [main] INFO naveenLabMMTAssignment.com.naveenLabMMTAssignment.testbase.TestBase - Page loading.....
2019-04-30 19:07:47,442 [main] INFO naveenLabMMTAssignment.com.naveenLabMMTAssignment.pageobject.FlightBooked - Round trip option is selected...
2019-04-30 19:23:11,025 [main] INFO naveenLabMMTAssignment.com.naveenLabMMTAssignment.testbase.TestBase - url has lauching..
2019-04-30 19:23:11,299 [main] INFO naveenLabMMTAssignment.com.naveenLabMMTAssignment.testbase.TestBase - Now Browser is maximize...
2019-04-30 19:23:11,307 [main] INFO naveenLabMMTAssignment.com.naveenLabMMTAssignment.testbase.TestBase - Page loading.....
2019-04-30 19:23:14,596 [main] INFO naveenLabMMTAssignment.com.naveenLabMMTAssignment.pageobject.FlightBooked - Round trip option is selected...
2019-04-30 19:27:33,345 [main] INFO naveenLabMMTAssignment.com.naveenLabMMTAssignment.testbase.TestBase - url has lauching..
2019-04-30 19:27:33,630 [main] INFO naveenLabMMTAssignment.com.naveenLabMMTAssignment.testbase.TestBase - Now Browser is maximize...
2019-04-30 19:27:33,638 [main] INFO naveenLabMMTAssignment.com.naveenLabMMTAssignment.testbase.TestBase - Page loading.....
2019-04-30 19:27:36,939 [main] INFO naveenLabMMTAssignment.com.naveenLabMMTAssignment.pageobject.FlightBooked - Round trip option is selected...
2019-04-30 22:06:31,862 [main] INFO naveenLabMMTAssignment.com.naveenLabMMTAssignment.testbase.TestBase - url has lauching..
2019-04-30 22:06:32,142 [main] INFO naveenLabMMTAssignment.com.naveenLabMMTAssignment.testbase.TestBase - Now Browser is maximize...
2019-04-30 22:06:32,151 [main] INFO naveenLabMMTAssignment.com.naveenLabMMTAssignment.testbase.TestBase - Page loading.....
2019-04-30 22:06:35,519 [main] INFO naveenLabMMTAssignment.com.naveenLabMMTAssignment.pageobject.FlightBooked - Round trip option is selected...
2019-04-30 22:26:17,266 [main] INFO naveenLabMMTAssignment.com.naveenLabMMTAssignment.testbase.TestBase - url has lauching..
2019-04-30 22:26:17,560 [main] INFO naveenLabMMTAssignment.com.naveenLabMMTAssignment.testbase.TestBase - Now Browser is maximize...
2019-04-30 22:26:17,580 [main] INFO naveenLabMMTAssignment.com.naveenLabMMTAssignment.testbase.TestBase - Page loading.....
2019-04-30 22:26:20,937 [main] INFO naveenLabMMTAssignment.com.naveenLabMMTAssignment.pageobject.FlightBooked - Round trip option is selected...
2019-04-30 22:56:15,176 [main] INFO naveenLabMMTAssignment.com.naveenLabMMTAssignment.testbase.TestBase - url has lauching..
2019-04-30 22:56:15,459 [main] INFO naveenLabMMTAssignment.com.naveenLabMMTAssignment.testbase.TestBase - Now Browser is maximize...
2019-04-30 22:56:15,479 [main] INFO naveenLabMMTAssignment.com.naveenLabMMTAssignment.testbase.TestBase - Page loading.....
2019-04-30 22:56:19,005 [main] INFO naveenLabMMTAssignment.com.naveenLabMMTAssignment.pageobject.FlightBooked - Round trip option is selected...
2019-04-30 22:56:43,932 [main] INFO naveenLabMMTAssignment.com.naveenLabMMTAssignment.pageobject.FlightBooked - No such element or other element related exception 
2019-04-30 22:56:43,934 [main] INFO naveenLabMMTAssignment.com.naveenLabMMTAssignment.testbase.TestBase - while assertion getting unknown exception..
2019-04-30 23:39:32,093 [main] INFO naveenLabMMTAssignment.com.naveenLabMMTAssignment.testbase.TestBase - url has lauching..
2019-04-30 23:39:33,229 [main] INFO naveenLabMMTAssignment.com.naveenLabMMTAssignment.testbase.TestBase - Now Browser is maximize...
2019-04-30 23:39:33,265 [main] INFO naveenLabMMTAssignment.com.naveenLabMMTAssignment.testbase.TestBase - Page loading.....
2019-04-30 23:39:36,469 [main] INFO naveenLabMMTAssignment.com.naveenLabMMTAssignment.pageobject.FlightBooked - Round trip option is selected...
2019-04-30 23:39:59,489 [main] INFO naveenLabMMTAssignment.com.naveenLabMMTAssignment.pageobject.FlightBooked - No such element or other element related exception 
2019-04-30 23:39:59,489 [main] INFO naveenLabMMTAssignment.com.naveenLabMMTAssignment.testbase.TestBase - while assertion getting unknown exception..
2019-04-30 23:59:22,199 [main] INFO naveenLabMMTAssignment.com.naveenLabMMTAssignment.testbase.TestBase - url has lauching..
2019-04-30 23:59:23,337 [main] INFO naveenLabMMTAssignment.com.naveenLabMMTAssignment.testbase.TestBase - Now Browser is maximize...
2019-04-30 23:59:23,364 [main] INFO naveenLabMMTAssignment.com.naveenLabMMTAssignment.testbase.TestBase - Page loading.....
2019-04-30 23:59:27,177 [main] INFO naveenLabMMTAssignment.com.naveenLabMMTAssignment.pageobject.FlightBooked - Round trip option is selected...
2019-04-30 23:59:49,531 [main] INFO naveenLabMMTAssignment.com.naveenLabMMTAssignment.pageobject.FlightBooked - No such element or other element related exception 
2019-04-30 23:59:49,531 [main] INFO naveenLabMMTAssignment.com.naveenLabMMTAssignment.testbase.TestBase - while assertion getting unknown exception..
2019-05-01 00:12:26,406 [main] INFO naveenLabMMTAssignment.com.naveenLabMMTAssignment.testbase.TestBase - url has lauching..
2019-05-01 00:12:27,562 [main] INFO naveenLabMMTAssignment.com.naveenLabMMTAssignment.testbase.TestBase - Now Browser is maximize...
2019-05-01 00:12:27,645 [main] INFO naveenLabMMTAssignment.com.naveenLabMMTAssignment.testbase.TestBase - Page loading.....
2019-05-01 00:12:31,987 [main] INFO naveenLabMMTAssignment.com.naveenLabMMTAssignment.pageobject.FlightBooked - Round trip option is selected...
2019-05-01 00:20:15,513 [main] INFO naveenLabMMTAssignment.com.naveenLabMMTAssignment.testbase.TestBase - url has lauching..
2019-05-01 00:20:16,663 [main] INFO naveenLabMMTAssignment.com.naveenLabMMTAssignment.testbase.TestBase - Now Browser is maximize...
2019-05-01 00:20:16,713 [main] INFO naveenLabMMTAssignment.com.naveenLabMMTAssignment.testbase.TestBase - Page loading.....
2019-05-01 00:20:20,208 [main] INFO naveenLabMMTAssignment.com.naveenLabMMTAssignment.pageobject.FlightBooked - Round trip option is selected...
2019-05-01 00:30:32,583 [main] INFO naveenLabMMTAssignment.com.naveenLabMMTAssignment.testbase.TestBase - url has lauching..
2019-05-01 00:30:33,737 [main] INFO naveenLabMMTAssignment.com.naveenLabMMTAssignment.testbase.TestBase - Now Browser is maximize...
2019-05-01 00:30:33,768 [main] INFO naveenLabMMTAssignment.com.naveenLabMMTAssignment.testbase.TestBase - Page loading.....
2019-05-01 00:30:37,421 [main] INFO naveenLabMMTAssignment.com.naveenLabMMTAssignment.pageobject.FlightBooked - Round trip option is selected...
2019-05-01 00:31:58,532 [main] INFO naveenLabMMTAssignment.com.naveenLabMMTAssignment.pageobject.FlightBooked - Total departure flight are for default fliter 12
2019-05-01 00:31:58,549 [main] INFO naveenLabMMTAssignment.com.naveenLabMMTAssignment.pageobject.FlightBooked - Total return flight are  for default fliter 12
2019-05-01 00:32:01,179 [main] INFO naveenLabMMTAssignment.com.naveenLabMMTAssignment.pageobject.FlightBooked - total non and stop departure flight count is 12
2019-05-01 00:32:01,197 [main] INFO naveenLabMMTAssignment.com.naveenLabMMTAssignment.pageobject.FlightBooked - total non and stop return flight count is 12
2019-05-01 00:32:01,197 [main] INFO naveenLabMMTAssignment.com.naveenLabMMTAssignment.pageobject.FlightBooked - No such element or other element related exception 
2019-05-01 00:32:01,197 [main] INFO naveenLabMMTAssignment.com.naveenLabMMTAssignment.testbase.TestBase - while assertion getting unknown exception..
2019-05-01 00:39:32,011 [main] INFO naveenLabMMTAssignment.com.naveenLabMMTAssignment.testbase.TestBase - url has lauching..
2019-05-01 00:39:33,176 [main] INFO naveenLabMMTAssignment.com.naveenLabMMTAssignment.testbase.TestBase - Now Browser is maximize...
2019-05-01 00:39:33,204 [main] INFO naveenLabMMTAssignment.com.naveenLabMMTAssignment.testbase.TestBase - Page loading.....
2019-05-01 00:39:36,915 [main] INFO naveenLabMMTAssignment.com.naveenLabMMTAssignment.pageobject.FlightBooked - Round trip option is selected...
2019-05-01 00:40:58,373 [main] INFO naveenLabMMTAssignment.com.naveenLabMMTAssignment.pageobject.FlightBooked - Total departure flight are for default fliter 22
2019-05-01 00:40:58,507 [main] INFO naveenLabMMTAssignment.com.naveenLabMMTAssignment.pageobject.FlightBooked - Total return flight are  for default fliter 32
2019-05-01 00:47:19,224 [main] INFO naveenLabMMTAssignment.com.naveenLabMMTAssignment.testbase.TestBase - url has lauching..
2019-05-01 00:47:20,359 [main] INFO naveenLabMMTAssignment.com.naveenLabMMTAssignment.testbase.TestBase - Now Browser is maximize...
2019-05-01 00:47:20,392 [main] INFO naveenLabMMTAssignment.com.naveenLabMMTAssignment.testbase.TestBase - Page loading.....
2019-05-01 00:47:24,527 [main] INFO naveenLabMMTAssignment.com.naveenLabMMTAssignment.pageobject.FlightBooked - Round trip option is selected...
2019-05-01 00:57:51,707 [main] INFO naveenLabMMTAssignment.com.naveenLabMMTAssignment.testbase.TestBase - url has lauching..
2019-05-01 00:57:52,848 [main] INFO naveenLabMMTAssignment.com.naveenLabMMTAssignment.testbase.TestBase - Now Browser is maximize...
2019-05-01 00:57:52,879 [main] INFO naveenLabMMTAssignment.com.naveenLabMMTAssignment.testbase.TestBase - Page loading.....
2019-05-01 00:57:56,728 [main] INFO naveenLabMMTAssignment.com.naveenLabMMTAssignment.pageobject.FlightBooked - Round trip option is selected...
2019-05-01 00:59:16,690 [main] INFO naveenLabMMTAssignment.com.naveenLabMMTAssignment.pageobject.FlightBooked - Total departure flight are for default fliter 22
2019-05-01 00:59:16,718 [main] INFO naveenLabMMTAssignment.com.naveenLabMMTAssignment.pageobject.FlightBooked - Total return flight are  for default fliter 22
2019-05-01 01:09:03,144 [main] INFO naveenLabMMTAssignment.com.naveenLabMMTAssignment.testbase.TestBase - url has lauching..
2019-05-01 01:09:04,294 [main] INFO naveenLabMMTAssignment.com.naveenLabMMTAssignment.testbase.TestBase - Now Browser is maximize...
2019-05-01 01:09:04,349 [main] INFO naveenLabMMTAssignment.com.naveenLabMMTAssignment.testbase.TestBase - Page loading.....
2019-05-01 01:09:08,306 [main] INFO naveenLabMMTAssignment.com.naveenLabMMTAssignment.pageobject.FlightBooked - Round trip option is selected...
2019-05-01 01:13:15,180 [main] INFO naveenLabMMTAssignment.com.naveenLabMMTAssignment.testbase.TestBase - url has lauching..
2019-05-01 01:13:16,325 [main] INFO naveenLabMMTAssignment.com.naveenLabMMTAssignment.testbase.TestBase - Now Browser is maximize...
2019-05-01 01:13:16,355 [main] INFO naveenLabMMTAssignment.com.naveenLabMMTAssignment.testbase.TestBase - Page loading.....
2019-05-01 01:13:19,845 [main] INFO naveenLabMMTAssignment.com.naveenLabMMTAssignment.pageobject.FlightBooked - Round trip option is selected...
2019-05-01 01:18:33,446 [main] INFO naveenLabMMTAssignment.com.naveenLabMMTAssignment.testbase.TestBase - url has lauching..
2019-05-01 01:18:34,588 [main] INFO naveenLabMMTAssignment.com.naveenLabMMTAssignment.testbase.TestBase - Now Browser is maximize...
2019-05-01 01:18:34,627 [main] INFO naveenLabMMTAssignment.com.naveenLabMMTAssignment.testbase.TestBase - Page loading.....
2019-05-01 01:18:38,175 [main] INFO naveenLabMMTAssignment.com.naveenLabMMTAssignment.pageobject.FlightBooked - Round trip option is selected...
2019-05-01 01:20:06,586 [main] INFO naveenLabMMTAssignment.com.naveenLabMMTAssignment.pageobject.FlightBooked - Total departure flight are for default fliter 77
2019-05-01 01:20:09,714 [main] INFO naveenLabMMTAssignment.com.naveenLabMMTAssignment.pageobject.FlightBooked - Total return flight are  for default fliter 81
2019-05-01 01:21:33,636 [main] INFO naveenLabMMTAssignment.com.naveenLabMMTAssignment.testbase.TestBase - url has lauching..
2019-05-01 01:21:34,781 [main] INFO naveenLabMMTAssignment.com.naveenLabMMTAssignment.testbase.TestBase - Now Browser is maximize...
2019-05-01 01:21:34,820 [main] INFO naveenLabMMTAssignment.com.naveenLabMMTAssignment.testbase.TestBase - Page loading.....
2019-05-01 01:21:38,207 [main] INFO naveenLabMMTAssignment.com.naveenLabMMTAssignment.pageobject.FlightBooked - Round trip option is selected...
2019-05-01 01:23:06,715 [main] INFO naveenLabMMTAssignment.com.naveenLabMMTAssignment.pageobject.FlightBooked - Total departure flight are for default fliter 22
2019-05-01 01:23:09,853 [main] INFO naveenLabMMTAssignment.com.naveenLabMMTAssignment.pageobject.FlightBooked - Total return flight are  for default fliter 32
2019-05-01 01:34:36,559 [main] INFO naveenLabMMTAssignment.com.naveenLabMMTAssignment.testbase.TestBase - url has lauching..
2019-05-01 01:34:37,698 [main] INFO naveenLabMMTAssignment.com.naveenLabMMTAssignment.testbase.TestBase - Now Browser is maximize...
2019-05-01 01:34:37,725 [main] INFO naveenLabMMTAssignment.com.naveenLabMMTAssignment.testbase.TestBase - Page loading.....
2019-05-01 01:34:41,500 [main] INFO naveenLabMMTAssignment.com.naveenLabMMTAssignment.pageobject.FlightBooked - Round trip option is selected...
2019-05-01 01:39:13,759 [main] INFO naveenLabMMTAssignment.com.naveenLabMMTAssignment.pageobject.FlightBooked - Total departure flight are for default fliter 76
2019-05-01 01:42:17,113 [main] INFO naveenLabMMTAssignment.com.naveenLabMMTAssignment.pageobject.FlightBooked - Total return flight are  for default fliter 81
2019-05-01 01:54:25,655 [main] INFO naveenLabMMTAssignment.com.naveenLabMMTAssignment.testbase.TestBase - url has lauching..
2019-05-01 01:54:26,793 [main] INFO naveenLabMMTAssignment.com.naveenLabMMTAssignment.testbase.TestBase - Now Browser is maximize...
2019-05-01 01:54:26,818 [main] INFO naveenLabMMTAssignment.com.naveenLabMMTAssignment.testbase.TestBase - Page loading.....
2019-05-01 01:54:30,512 [main] INFO naveenLabMMTAssignment.com.naveenLabMMTAssignment.pageobject.FlightBooked - Round trip option is selected...
2019-05-01 02:05:15,506 [main] INFO naveenLabMMTAssignment.com.naveenLabMMTAssignment.pageobject.FlightBooked - total non and stop departure flight count is 69
2019-05-01 02:06:33,116 [main] INFO naveenLabMMTAssignment.com.naveenLabMMTAssignment.testbase.TestBase - url has lauching..
2019-05-01 02:06:34,276 [main] INFO naveenLabMMTAssignment.com.naveenLabMMTAssignment.testbase.TestBase - Now Browser is maximize...
2019-05-01 02:06:34,324 [main] INFO naveenLabMMTAssignment.com.naveenLabMMTAssignment.testbase.TestBase - Page loading.....
2019-05-01 02:06:37,891 [main] INFO naveenLabMMTAssignment.com.naveenLabMMTAssignment.pageobject.FlightBooked - Round trip option is selected...
2019-05-01 02:11:14,490 [main] INFO naveenLabMMTAssignment.com.naveenLabMMTAssignment.pageobject.FlightBooked - total non and stop departure flight count is 69
2019-05-01 02:12:16,969 [main] INFO naveenLabMMTAssignment.com.naveenLabMMTAssignment.pageobject.FlightBooked - total non and stop return flight count is 71
2019-05-01 02:12:16,970 [main] INFO naveenLabMMTAssignment.com.naveenLabMMTAssignment.pageobject.FlightBooked - No such element or other element related exception 
2019-05-01 02:12:16,970 [main] INFO naveenLabMMTAssignment.com.naveenLabMMTAssignment.testbase.TestBase - while assertion getting unknown exception..
2019-05-01 10:42:14,791 [main] INFO naveenLabMMTAssignment.com.naveenLabMMTAssignment.testbase.TestBase - url has lauching..
2019-05-01 10:42:15,933 [main] INFO naveenLabMMTAssignment.com.naveenLabMMTAssignment.testbase.TestBase - Now Browser is maximize...
2019-05-01 10:42:15,982 [main] INFO naveenLabMMTAssignment.com.naveenLabMMTAssignment.testbase.TestBase - Page loading.....
2019-05-01 10:42:19,251 [main] INFO naveenLabMMTAssignment.com.naveenLabMMTAssignment.pageobject.FlightBooked - Round trip option is selected...
2019-05-01 10:47:01,964 [main] INFO naveenLabMMTAssignment.com.naveenLabMMTAssignment.pageobject.FlightBooked - total non and stop departure flight count is 33
2019-05-01 10:48:09,307 [main] INFO naveenLabMMTAssignment.com.naveenLabMMTAssignment.pageobject.FlightBooked - total non and stop return flight count is 70
2019-05-01 10:48:09,309 [main] INFO naveenLabMMTAssignment.com.naveenLabMMTAssignment.pageobject.FlightBooked - No such element or other element related exception 
2019-05-01 10:48:09,310 [main] INFO naveenLabMMTAssignment.com.naveenLabMMTAssignment.testbase.TestBase - while assertion getting unknown exception..
2019-05-01 10:52:36,352 [main] INFO naveenLabMMTAssignment.com.naveenLabMMTAssignment.testbase.TestBase - url has lauching..
2019-05-01 10:52:37,512 [main] INFO naveenLabMMTAssignment.com.naveenLabMMTAssignment.testbase.TestBase - Now Browser is maximize...
2019-05-01 10:52:37,547 [main] INFO naveenLabMMTAssignment.com.naveenLabMMTAssignment.testbase.TestBase - Page loading.....
2019-05-01 10:52:40,830 [main] INFO naveenLabMMTAssignment.com.naveenLabMMTAssignment.pageobject.FlightBooked - Round trip option is selected...
2019-05-01 10:57:23,777 [main] INFO naveenLabMMTAssignment.com.naveenLabMMTAssignment.pageobject.FlightBooked - total non and stop departure flight count is 33
2019-05-01 10:58:31,033 [main] INFO naveenLabMMTAssignment.com.naveenLabMMTAssignment.pageobject.FlightBooked - total non and stop return flight count is 70
2019-05-01 10:58:31,035 [main] INFO naveenLabMMTAssignment.com.naveenLabMMTAssignment.pageobject.FlightBooked - No such element or other element related exception 
2019-05-01 10:58:31,036 [main] INFO naveenLabMMTAssignment.com.naveenLabMMTAssignment.testbase.TestBase - while assertion getting unknown exception..
2019-05-01 11:13:35,575 [main] INFO naveenLabMMTAssignment.com.naveenLabMMTAssignment.testbase.TestBase - url has lauching..
2019-05-01 11:13:36,718 [main] INFO naveenLabMMTAssignment.com.naveenLabMMTAssignment.testbase.TestBase - Now Browser is maximize...
2019-05-01 11:13:36,755 [main] INFO naveenLabMMTAssignment.com.naveenLabMMTAssignment.testbase.TestBase - Page loading.....
2019-05-01 11:14:07,508 [main] INFO naveenLabMMTAssignment.com.naveenLabMMTAssignment.pageobject.FlightBooked - Round trip option is selected...
2019-05-01 11:18:52,963 [main] INFO naveenLabMMTAssignment.com.naveenLabMMTAssignment.pageobject.FlightBooked - total non and stop departure flight count is 33
2019-05-01 11:20:00,292 [main] INFO naveenLabMMTAssignment.com.naveenLabMMTAssignment.pageobject.FlightBooked - total non and stop return flight count is 70
2019-05-01 11:20:00,361 [main] INFO naveenLabMMTAssignment.com.naveenLabMMTAssignment.pageobject.FlightBooked - we found more then 10 flight ,, so only select first 10
2019-05-01 11:20:00,410 [main] INFO naveenLabMMTAssignment.com.naveenLabMMTAssignment.pageobject.FlightBooked - we found more then 10 flight ,, so only select first 10
2019-05-01 11:20:03,835 [main] INFO naveenLabMMTAssignment.com.naveenLabMMTAssignment.pageobject.FlightBooked - selected the flight(source) in list of 0
2019-05-01 11:20:07,028 [main] INFO naveenLabMMTAssignment.com.naveenLabMMTAssignment.pageobject.FlightBooked - selected the flight(destination) in list of 0
2019-05-01 11:20:07,091 [main] INFO naveenLabMMTAssignment.com.naveenLabMMTAssignment.testbase.TestBase - while assertion getting unknown exception..
2019-05-01 11:48:57,914 [main] INFO naveenLabMMTAssignment.com.naveenLabMMTAssignment.testbase.TestBase - url has lauching..
2019-05-01 11:48:59,277 [main] INFO naveenLabMMTAssignment.com.naveenLabMMTAssignment.testbase.TestBase - Now Browser is maximize...
2019-05-01 11:48:59,303 [main] INFO naveenLabMMTAssignment.com.naveenLabMMTAssignment.testbase.TestBase - Page loading.....
2019-05-01 11:49:03,632 [main] INFO naveenLabMMTAssignment.com.naveenLabMMTAssignment.pageobject.FlightBooked - Round trip option is selected...
2019-05-01 11:51:40,786 [main] INFO naveenLabMMTAssignment.com.naveenLabMMTAssignment.pageobject.FlightBooked - total non and stop departure flight count is 29
2019-05-01 11:52:48,204 [main] INFO naveenLabMMTAssignment.com.naveenLabMMTAssignment.pageobject.FlightBooked - total non and stop return flight count is 62
2019-05-01 11:52:48,269 [main] INFO naveenLabMMTAssignment.com.naveenLabMMTAssignment.pageobject.FlightBooked - we found more then 10 flight ,, so only select first 10
2019-05-01 11:52:48,314 [main] INFO naveenLabMMTAssignment.com.naveenLabMMTAssignment.pageobject.FlightBooked - we found more then 10 flight ,, so only select first 10
2019-05-01 11:52:51,639 [main] INFO naveenLabMMTAssignment.com.naveenLabMMTAssignment.pageobject.FlightBooked - selected the flight(source) in list of 0
2019-05-01 11:52:54,853 [main] INFO naveenLabMMTAssignment.com.naveenLabMMTAssignment.pageobject.FlightBooked - selected the flight(destination) in list of 0
2019-05-01 11:52:54,911 [main] INFO naveenLabMMTAssignment.com.naveenLabMMTAssignment.testbase.TestBase - while assertion getting unknown exception..
2019-05-01 12:15:59,287 [main] INFO naveenLabMMTAssignment.com.naveenLabMMTAssignment.testbase.TestBase - url has lauching..
2019-05-01 12:16:00,450 [main] INFO naveenLabMMTAssignment.com.naveenLabMMTAssignment.testbase.TestBase - Now Browser is maximize...
2019-05-01 12:16:00,484 [main] INFO naveenLabMMTAssignment.com.naveenLabMMTAssignment.testbase.TestBase - Page loading.....
2019-05-01 12:16:04,564 [main] INFO naveenLabMMTAssignment.com.naveenLabMMTAssignment.pageobject.FlightBooked - Round trip option is selected...
2019-05-01 12:17:02,530 [main] INFO naveenLabMMTAssignment.com.naveenLabMMTAssignment.testbase.TestBase - url has lauching..
2019-05-01 12:17:03,676 [main] INFO naveenLabMMTAssignment.com.naveenLabMMTAssignment.testbase.TestBase - Now Browser is maximize...
2019-05-01 12:17:03,703 [main] INFO naveenLabMMTAssignment.com.naveenLabMMTAssignment.testbase.TestBase - Page loading.....
2019-05-01 12:17:22,595 [main] INFO naveenLabMMTAssignment.com.naveenLabMMTAssignment.pageobject.FlightBooked - Round trip option is selected...
2019-05-01 12:19:19,087 [main] INFO naveenLabMMTAssignment.com.naveenLabMMTAssignment.testbase.TestBase - url has lauching..
2019-05-01 12:19:20,245 [main] INFO naveenLabMMTAssignment.com.naveenLabMMTAssignment.testbase.TestBase - Now Browser is maximize...
2019-05-01 12:19:20,288 [main] INFO naveenLabMMTAssignment.com.naveenLabMMTAssignment.testbase.TestBase - Page loading.....
2019-05-01 12:19:23,526 [main] INFO naveenLabMMTAssignment.com.naveenLabMMTAssignment.pageobject.FlightBooked - Round trip option is selected...
2019-05-01 12:22:13,985 [main] INFO naveenLabMMTAssignment.com.naveenLabMMTAssignment.pageobject.FlightBooked - total non and stop departure flight count is 29
2019-05-01 12:23:21,397 [main] INFO naveenLabMMTAssignment.com.naveenLabMMTAssignment.pageobject.FlightBooked - total non and stop return flight count is 70
2019-05-01 12:23:21,456 [main] INFO naveenLabMMTAssignment.com.naveenLabMMTAssignment.pageobject.FlightBooked - we found more then 10 flight ,, so only select first 10
2019-05-01 12:23:21,501 [main] INFO naveenLabMMTAssignment.com.naveenLabMMTAssignment.pageobject.FlightBooked - we found more then 10 flight ,, so only select first 10
2019-05-01 12:23:25,012 [main] INFO naveenLabMMTAssignment.com.naveenLabMMTAssignment.pageobject.FlightBooked - selected the flight(source) in list of 0
2019-05-01 12:23:28,398 [main] INFO naveenLabMMTAssignment.com.naveenLabMMTAssignment.pageobject.FlightBooked - selected the flight(destination) in list of 0
2019-05-01 12:23:28,458 [main] INFO naveenLabMMTAssignment.com.naveenLabMMTAssignment.testbase.TestBase - while assertion getting unknown exception..
2019-05-01 12:54:05,687 [main] INFO naveenLabMMTAssignment.com.naveenLabMMTAssignment.testbase.TestBase - url has lauching..
2019-05-01 12:54:07,040 [main] INFO naveenLabMMTAssignment.com.naveenLabMMTAssignment.testbase.TestBase - Now Browser is maximize...
2019-05-01 12:54:07,076 [main] INFO naveenLabMMTAssignment.com.naveenLabMMTAssignment.testbase.TestBase - Page loading.....
2019-05-01 12:56:14,736 [main] INFO naveenLabMMTAssignment.com.naveenLabMMTAssignment.testbase.TestBase - url has lauching..
2019-05-01 12:56:15,891 [main] INFO naveenLabMMTAssignment.com.naveenLabMMTAssignment.testbase.TestBase - Now Browser is maximize...
2019-05-01 12:56:15,917 [main] INFO naveenLabMMTAssignment.com.naveenLabMMTAssignment.testbase.TestBase - Page loading.....
2019-05-01 12:57:28,103 [main] INFO naveenLabMMTAssignment.com.naveenLabMMTAssignment.testbase.TestBase - url has lauching..
2019-05-01 12:57:29,233 [main] INFO naveenLabMMTAssignment.com.naveenLabMMTAssignment.testbase.TestBase - Now Browser is maximize...
2019-05-01 12:57:29,251 [main] INFO naveenLabMMTAssignment.com.naveenLabMMTAssignment.testbase.TestBase - Page loading.....
2019-05-01 12:57:34,722 [main] INFO naveenLabMMTAssignment.com.naveenLabMMTAssignment.pageobject.FlightBooked - Round trip option is selected...
2019-05-01 13:13:42,120 [main] INFO naveenLabMMTAssignment.com.naveenLabMMTAssignment.testbase.TestBase - url has lauching..
2019-05-01 13:13:43,248 [main] INFO naveenLabMMTAssignment.com.naveenLabMMTAssignment.testbase.TestBase - Now Browser is maximize...
2019-05-01 13:13:43,267 [main] INFO naveenLabMMTAssignment.com.naveenLabMMTAssignment.testbase.TestBase - Page loading.....
2019-05-01 13:13:46,413 [main] INFO naveenLabMMTAssignment.com.naveenLabMMTAssignment.pageobject.FlightBooked - Round trip option is selected...
2019-05-01 13:22:41,944 [main] INFO naveenLabMMTAssignment.com.naveenLabMMTAssignment.testbase.TestBase - url has lauching..
2019-05-01 13:22:43,080 [main] INFO naveenLabMMTAssignment.com.naveenLabMMTAssignment.testbase.TestBase - Now Browser is maximize...
2019-05-01 13:22:43,098 [main] INFO naveenLabMMTAssignment.com.naveenLabMMTAssignment.testbase.TestBase - Page loading.....
2019-05-01 13:22:46,240 [main] INFO naveenLabMMTAssignment.com.naveenLabMMTAssignment.pageobject.FlightBooked - Round trip option is selected...
2019-05-01 13:26:37,265 [main] INFO naveenLabMMTAssignment.com.naveenLabMMTAssignment.testbase.TestBase - url has lauching..
2019-05-01 13:26:38,391 [main] INFO naveenLabMMTAssignment.com.naveenLabMMTAssignment.testbase.TestBase - Now Browser is maximize...
2019-05-01 13:26:38,410 [main] INFO naveenLabMMTAssignment.com.naveenLabMMTAssignment.testbase.TestBase - Page loading.....
2019-05-01 13:26:41,567 [main] INFO naveenLabMMTAssignment.com.naveenLabMMTAssignment.pageobject.FlightBooked - Round trip option is selected...
2019-05-01 13:31:03,315 [main] INFO naveenLabMMTAssignment.com.naveenLabMMTAssignment.testbase.TestBase - url has lauching..
2019-05-01 13:31:04,442 [main] INFO naveenLabMMTAssignment.com.naveenLabMMTAssignment.testbase.TestBase - Now Browser is maximize...
2019-05-01 13:31:04,465 [main] INFO naveenLabMMTAssignment.com.naveenLabMMTAssignment.testbase.TestBase - Page loading.....
2019-05-01 13:31:07,609 [main] INFO naveenLabMMTAssignment.com.naveenLabMMTAssignment.pageobject.FlightBooked - Round trip option is selected...
2019-05-01 13:35:40,843 [main] INFO naveenLabMMTAssignment.com.naveenLabMMTAssignment.pageobject.FlightBooked - total non and stop departure flight count is 29
2019-05-01 13:36:47,339 [main] INFO naveenLabMMTAssignment.com.naveenLabMMTAssignment.pageobject.FlightBooked - total non and stop return flight count is 70
2019-05-01 13:36:47,393 [main] INFO naveenLabMMTAssignment.com.naveenLabMMTAssignment.pageobject.FlightBooked - we found more then 10 flight ,, so only select first 10
2019-05-01 13:36:47,414 [main] INFO naveenLabMMTAssignment.com.naveenLabMMTAssignment.pageobject.FlightBooked - we found more then 10 flight ,, so only select first 10
2019-05-01 13:36:50,607 [main] INFO naveenLabMMTAssignment.com.naveenLabMMTAssignment.pageobject.FlightBooked - selected the flight(source) in list of 0
2019-05-01 13:36:53,714 [main] INFO naveenLabMMTAssignment.com.naveenLabMMTAssignment.pageobject.FlightBooked - selected the flight(destination) in list of 0
2019-05-01 13:36:57,018 [main] INFO naveenLabMMTAssignment.com.naveenLabMMTAssignment.pageobject.FlightBooked - selected the flight(source) in list of 1
2019-05-01 13:37:00,189 [main] INFO naveenLabMMTAssignment.com.naveenLabMMTAssignment.pageobject.FlightBooked - selected the flight(destination) in list of 1
2019-05-01 13:37:03,470 [main] INFO naveenLabMMTAssignment.com.naveenLabMMTAssignment.pageobject.FlightBooked - selected the flight(source) in list of 2
2019-05-01 13:37:06,626 [main] INFO naveenLabMMTAssignment.com.naveenLabMMTAssignment.pageobject.FlightBooked - selected the flight(destination) in list of 2
2019-05-01 13:37:09,882 [main] INFO naveenLabMMTAssignment.com.naveenLabMMTAssignment.pageobject.FlightBooked - selected the flight(source) in list of 3
2019-05-01 13:37:13,066 [main] INFO naveenLabMMTAssignment.com.naveenLabMMTAssignment.pageobject.FlightBooked - selected the flight(destination) in list of 3
2019-05-01 13:37:16,337 [main] INFO naveenLabMMTAssignment.com.naveenLabMMTAssignment.pageobject.FlightBooked - selected the flight(source) in list of 4
2019-05-01 13:37:19,491 [main] INFO naveenLabMMTAssignment.com.naveenLabMMTAssignment.pageobject.FlightBooked - selected the flight(destination) in list of 4
2019-05-01 13:37:22,822 [main] INFO naveenLabMMTAssignment.com.naveenLabMMTAssignment.pageobject.FlightBooked - selected the flight(source) in list of 5
2019-05-01 13:37:25,958 [main] INFO naveenLabMMTAssignment.com.naveenLabMMTAssignment.pageobject.FlightBooked - selected the flight(destination) in list of 5
2019-05-01 13:37:29,257 [main] INFO naveenLabMMTAssignment.com.naveenLabMMTAssignment.pageobject.FlightBooked - selected the flight(source) in list of 6
2019-05-01 13:37:32,436 [main] INFO naveenLabMMTAssignment.com.naveenLabMMTAssignment.pageobject.FlightBooked - selected the flight(destination) in list of 6
2019-05-01 13:37:35,746 [main] INFO naveenLabMMTAssignment.com.naveenLabMMTAssignment.pageobject.FlightBooked - selected the flight(source) in list of 7
2019-05-01 13:37:38,895 [main] INFO naveenLabMMTAssignment.com.naveenLabMMTAssignment.pageobject.FlightBooked - selected the flight(destination) in list of 7
2019-05-01 13:37:42,169 [main] INFO naveenLabMMTAssignment.com.naveenLabMMTAssignment.pageobject.FlightBooked - selected the flight(source) in list of 8
2019-05-01 13:37:45,311 [main] INFO naveenLabMMTAssignment.com.naveenLabMMTAssignment.pageobject.FlightBooked - selected the flight(destination) in list of 8
2019-05-01 13:37:48,613 [main] INFO naveenLabMMTAssignment.com.naveenLabMMTAssignment.pageobject.FlightBooked - selected the flight(source) in list of 9
2019-05-01 13:37:51,780 [main] INFO naveenLabMMTAssignment.com.naveenLabMMTAssignment.pageobject.FlightBooked - selected the flight(destination) in list of 9
2019-05-01 13:51:26,713 [main] INFO naveenLabMMTAssignment.com.naveenLabMMTAssignment.testbase.TestBase - url has lauching..
2019-05-01 13:51:27,841 [main] INFO naveenLabMMTAssignment.com.naveenLabMMTAssignment.testbase.TestBase - Now Browser is maximize...
2019-05-01 13:51:27,863 [main] INFO naveenLabMMTAssignment.com.naveenLabMMTAssignment.testbase.TestBase - Page loading.....
2019-05-01 13:51:31,013 [main] INFO naveenLabMMTAssignment.com.naveenLabMMTAssignment.pageobject.FlightBooked - Round trip option is selected...
2019-05-01 13:56:02,554 [main] INFO naveenLabMMTAssignment.com.naveenLabMMTAssignment.pageobject.FlightBooked - total non and stop departure flight count is 27
2019-05-01 13:57:09,166 [main] INFO naveenLabMMTAssignment.com.naveenLabMMTAssignment.pageobject.FlightBooked - total non and stop return flight count is 70
2019-05-01 13:57:09,204 [main] INFO naveenLabMMTAssignment.com.naveenLabMMTAssignment.pageobject.FlightBooked - we found more then 10 flight ,, so only select first 10
2019-05-01 13:57:09,225 [main] INFO naveenLabMMTAssignment.com.naveenLabMMTAssignment.pageobject.FlightBooked - we found more then 10 flight ,, so only select first 10
2019-05-01 13:57:12,414 [main] INFO naveenLabMMTAssignment.com.naveenLabMMTAssignment.pageobject.FlightBooked - selected the flight(source) in list of 01
2019-05-01 13:57:15,545 [main] INFO naveenLabMMTAssignment.com.naveenLabMMTAssignment.pageobject.FlightBooked - selected the flight(destination) in list of 01
2019-05-01 13:57:18,867 [main] INFO naveenLabMMTAssignment.com.naveenLabMMTAssignment.pageobject.FlightBooked - selected the flight(source) in list of 11
2019-05-01 13:57:22,058 [main] INFO naveenLabMMTAssignment.com.naveenLabMMTAssignment.pageobject.FlightBooked - selected the flight(destination) in list of 11
2019-05-01 13:57:25,383 [main] INFO naveenLabMMTAssignment.com.naveenLabMMTAssignment.pageobject.FlightBooked - selected the flight(source) in list of 21
2019-05-01 13:57:28,561 [main] INFO naveenLabMMTAssignment.com.naveenLabMMTAssignment.pageobject.FlightBooked - selected the flight(destination) in list of 21
2019-05-01 13:57:31,872 [main] INFO naveenLabMMTAssignment.com.naveenLabMMTAssignment.pageobject.FlightBooked - selected the flight(source) in list of 31
2019-05-01 13:57:35,020 [main] INFO naveenLabMMTAssignment.com.naveenLabMMTAssignment.pageobject.FlightBooked - selected the flight(destination) in list of 31
2019-05-01 13:57:38,334 [main] INFO naveenLabMMTAssignment.com.naveenLabMMTAssignment.pageobject.FlightBooked - selected the flight(source) in list of 41
2019-05-01 13:57:41,474 [main] INFO naveenLabMMTAssignment.com.naveenLabMMTAssignment.pageobject.FlightBooked - selected the flight(destination) in list of 41
2019-05-01 13:57:44,814 [main] INFO naveenLabMMTAssignment.com.naveenLabMMTAssignment.pageobject.FlightBooked - selected the flight(source) in list of 51
2019-05-01 13:57:47,990 [main] INFO naveenLabMMTAssignment.com.naveenLabMMTAssignment.pageobject.FlightBooked - selected the flight(destination) in list of 51
2019-05-01 13:57:51,313 [main] INFO naveenLabMMTAssignment.com.naveenLabMMTAssignment.pageobject.FlightBooked - selected the flight(source) in list of 61
2019-05-01 13:57:54,482 [main] INFO naveenLabMMTAssignment.com.naveenLabMMTAssignment.pageobject.FlightBooked - selected the flight(destination) in list of 61
2019-05-01 13:57:57,745 [main] INFO naveenLabMMTAssignment.com.naveenLabMMTAssignment.pageobject.FlightBooked - selected the flight(source) in list of 71
2019-05-01 13:58:00,920 [main] INFO naveenLabMMTAssignment.com.naveenLabMMTAssignment.pageobject.FlightBooked - selected the flight(destination) in list of 71
2019-05-01 13:58:04,187 [main] INFO naveenLabMMTAssignment.com.naveenLabMMTAssignment.pageobject.FlightBooked - selected the flight(source) in list of 81
2019-05-01 13:58:07,341 [main] INFO naveenLabMMTAssignment.com.naveenLabMMTAssignment.pageobject.FlightBooked - selected the flight(destination) in list of 81
2019-05-01 13:58:10,597 [main] INFO naveenLabMMTAssignment.com.naveenLabMMTAssignment.pageobject.FlightBooked - selected the flight(source) in list of 91
2019-05-01 13:58:13,739 [main] INFO naveenLabMMTAssignment.com.naveenLabMMTAssignment.pageobject.FlightBooked - selected the flight(destination) in list of 91
2019-05-01 14:04:20,013 [main] INFO naveenLabMMTAssignment.com.naveenLabMMTAssignment.testbase.TestBase - url has lauching..
2019-05-01 14:04:21,141 [main] INFO naveenLabMMTAssignment.com.naveenLabMMTAssignment.testbase.TestBase - Now Browser is maximize...
2019-05-01 14:04:21,162 [main] INFO naveenLabMMTAssignment.com.naveenLabMMTAssignment.testbase.TestBase - Page loading.....
2019-05-01 14:04:24,303 [main] INFO naveenLabMMTAssignment.com.naveenLabMMTAssignment.pageobject.FlightBooked - Round trip option is selected...
2019-05-01 14:08:57,256 [main] INFO naveenLabMMTAssignment.com.naveenLabMMTAssignment.pageobject.FlightBooked - total non and stop departure flight count is 26
2019-05-01 14:10:03,698 [main] INFO naveenLabMMTAssignment.com.naveenLabMMTAssignment.pageobject.FlightBooked - total non and stop return flight count is 70
2019-05-01 14:10:03,745 [main] INFO naveenLabMMTAssignment.com.naveenLabMMTAssignment.pageobject.FlightBooked - we found more then 10 flight ,, so only select first 10
2019-05-01 14:10:03,767 [main] INFO naveenLabMMTAssignment.com.naveenLabMMTAssignment.pageobject.FlightBooked - we found more then 10 flight ,, so only select first 10
2019-05-01 14:10:06,953 [main] INFO naveenLabMMTAssignment.com.naveenLabMMTAssignment.pageobject.FlightBooked - selected the flight(source) in list of 01
2019-05-01 14:10:10,059 [main] INFO naveenLabMMTAssignment.com.naveenLabMMTAssignment.pageobject.FlightBooked - selected the flight(destination) in list of 01
2019-05-01 14:10:13,343 [main] INFO naveenLabMMTAssignment.com.naveenLabMMTAssignment.pageobject.FlightBooked - selected the flight(source) in list of 11
2019-05-01 14:10:16,507 [main] INFO naveenLabMMTAssignment.com.naveenLabMMTAssignment.pageobject.FlightBooked - selected the flight(destination) in list of 11
2019-05-01 14:10:19,790 [main] INFO naveenLabMMTAssignment.com.naveenLabMMTAssignment.pageobject.FlightBooked - selected the flight(source) in list of 21
2019-05-01 14:10:22,969 [main] INFO naveenLabMMTAssignment.com.naveenLabMMTAssignment.pageobject.FlightBooked - selected the flight(destination) in list of 21
2019-05-01 14:10:26,241 [main] INFO naveenLabMMTAssignment.com.naveenLabMMTAssignment.pageobject.FlightBooked - selected the flight(source) in list of 31
2019-05-01 14:10:29,388 [main] INFO naveenLabMMTAssignment.com.naveenLabMMTAssignment.pageobject.FlightBooked - selected the flight(destination) in list of 31
2019-05-01 14:10:32,677 [main] INFO naveenLabMMTAssignment.com.naveenLabMMTAssignment.pageobject.FlightBooked - selected the flight(source) in list of 41
2019-05-01 14:10:35,818 [main] INFO naveenLabMMTAssignment.com.naveenLabMMTAssignment.pageobject.FlightBooked - selected the flight(destination) in list of 41
2019-05-01 14:10:39,134 [main] INFO naveenLabMMTAssignment.com.naveenLabMMTAssignment.pageobject.FlightBooked - selected the flight(source) in list of 51
2019-05-01 14:10:42,308 [main] INFO naveenLabMMTAssignment.com.naveenLabMMTAssignment.pageobject.FlightBooked - selected the flight(destination) in list of 51
2019-05-01 14:10:45,604 [main] INFO naveenLabMMTAssignment.com.naveenLabMMTAssignment.pageobject.FlightBooked - selected the flight(source) in list of 61
2019-05-01 14:10:48,775 [main] INFO naveenLabMMTAssignment.com.naveenLabMMTAssignment.pageobject.FlightBooked - selected the flight(destination) in list of 61
2019-05-01 14:16:34,700 [main] INFO naveenLabMMTAssignment.com.naveenLabMMTAssignment.testbase.TestBase - url has lauching..
2019-05-01 14:16:35,843 [main] INFO naveenLabMMTAssignment.com.naveenLabMMTAssignment.testbase.TestBase - Now Browser is maximize...
2019-05-01 14:16:35,863 [main] INFO naveenLabMMTAssignment.com.naveenLabMMTAssignment.testbase.TestBase - Page loading.....
2019-05-01 14:16:39,021 [main] INFO naveenLabMMTAssignment.com.naveenLabMMTAssignment.pageobject.FlightBooked - Round trip option is selected...
2019-05-01 14:21:19,294 [main] INFO naveenLabMMTAssignment.com.naveenLabMMTAssignment.pageobject.FlightBooked - total non and stop departure flight count is 26
2019-05-01 14:22:25,807 [main] INFO naveenLabMMTAssignment.com.naveenLabMMTAssignment.pageobject.FlightBooked - total non and stop return flight count is 70
2019-05-01 14:22:25,852 [main] INFO naveenLabMMTAssignment.com.naveenLabMMTAssignment.pageobject.FlightBooked - we found more then 10 flight ,, so only select first 10
2019-05-01 14:22:25,874 [main] INFO naveenLabMMTAssignment.com.naveenLabMMTAssignment.pageobject.FlightBooked - we found more then 10 flight ,, so only select first 10
2019-05-01 14:22:29,112 [main] INFO naveenLabMMTAssignment.com.naveenLabMMTAssignment.pageobject.FlightBooked - selected the flight(source) in list of 0
2019-05-01 14:22:32,254 [main] INFO naveenLabMMTAssignment.com.naveenLabMMTAssignment.pageobject.FlightBooked - selected the flight(destination) in list of 0
2019-05-01 14:22:35,580 [main] INFO naveenLabMMTAssignment.com.naveenLabMMTAssignment.pageobject.FlightBooked - selected the flight(source) in list of 1
2019-05-01 14:22:38,741 [main] INFO naveenLabMMTAssignment.com.naveenLabMMTAssignment.pageobject.FlightBooked - selected the flight(destination) in list of 1
2019-05-01 14:22:42,020 [main] INFO naveenLabMMTAssignment.com.naveenLabMMTAssignment.pageobject.FlightBooked - selected the flight(source) in list of 2
2019-05-01 14:22:45,172 [main] INFO naveenLabMMTAssignment.com.naveenLabMMTAssignment.pageobject.FlightBooked - selected the flight(destination) in list of 2
2019-05-01 14:22:48,473 [main] INFO naveenLabMMTAssignment.com.naveenLabMMTAssignment.pageobject.FlightBooked - selected the flight(source) in list of 3
2019-05-01 14:22:51,636 [main] INFO naveenLabMMTAssignment.com.naveenLabMMTAssignment.pageobject.FlightBooked - selected the flight(destination) in list of 3
2019-05-01 14:22:54,970 [main] INFO naveenLabMMTAssignment.com.naveenLabMMTAssignment.pageobject.FlightBooked - selected the flight(source) in list of 4
2019-05-01 14:22:58,119 [main] INFO naveenLabMMTAssignment.com.naveenLabMMTAssignment.pageobject.FlightBooked - selected the flight(destination) in list of 4
2019-05-01 14:23:01,425 [main] INFO naveenLabMMTAssignment.com.naveenLabMMTAssignment.pageobject.FlightBooked - selected the flight(source) in list of 5
2019-05-01 14:23:04,607 [main] INFO naveenLabMMTAssignment.com.naveenLabMMTAssignment.pageobject.FlightBooked - selected the flight(destination) in list of 5
